<?xml version="1.0" encoding="UTF-8"?>
<!-- Generated by org.testng.reporters.JUnitReportReporter -->
<testsuite hostname="qbpc-638" name="com.qburst.samples.tests.Test04" tests="1" failures="0" timestamp="2 May 2014 06:07:31 GMT" time="17.010" errors="0">
  <testcase name="loadYahoo" time="17.010" classname="com.qburst.samples.tests.Test04"/>
</testsuite> <!-- com.qburst.samples.tests.Test04 -->
