<?xml version="1.0" encoding="UTF-8"?>
<!-- Generated by org.testng.reporters.JUnitReportReporter -->
<testsuite hostname="qbpc-638" name="com.qburst.samples.tests.RunningSuites" tests="1" failures="0" timestamp="2 May 2014 04:55:48 GMT" time="11.397" errors="0">
  <testcase name="loadGoogle" time="11.397" classname="com.qburst.samples.tests.RunningSuites"/>
</testsuite> <!-- com.qburst.samples.tests.RunningSuites -->
