<?xml version="1.0" encoding="UTF-8"?>
<!-- Generated by org.testng.reporters.JUnitReportReporter -->
<testsuite hostname="qbpc-638" name="com.qburst.samples.tests.Test07" tests="2" failures="0" timestamp="24 Apr 2014 09:27:13 GMT" time="27.053" errors="0">
  <testcase name="loadGoogle" time="14.230" classname="com.qburst.samples.tests.Test07"/>
  <testcase name="loadYahoo" time="12.823" classname="com.qburst.samples.tests.Test07"/>
</testsuite> <!-- com.qburst.samples.tests.Test07 -->
