<?xml version="1.0" encoding="UTF-8"?>
<!-- Generated by org.testng.reporters.JUnitReportReporter -->
<testsuite hostname="qbpc-638" name="com.qburst.samples.tests.Test02" tests="4" failures="0" timestamp="9 May 2014 10:40:20 GMT" time="35.180" errors="0">
  <testcase name="loadGoogle" time="8.061" classname="com.qburst.samples.tests.Test02"/>
  <testcase name="loadYahoo" time="11.752" classname="com.qburst.samples.tests.Test02"/>
  <testcase name="loadGoogle" time="2.661" classname="com.qburst.samples.tests.Test02"/>
  <testcase name="loadYahoo" time="12.706" classname="com.qburst.samples.tests.Test02"/>
</testsuite> <!-- com.qburst.samples.tests.Test02 -->
