<?xml version="1.0" encoding="UTF-8"?>
<!-- Generated by org.testng.reporters.JUnitReportReporter -->
<testsuite hostname="qbpc-638" name="com.qburst.samples.tests.SeleniumMasterSearch" tests="2" failures="0" timestamp="23 Apr 2014 12:36:07 GMT" time="31.365" errors="0">
  <testcase name="loadYahoo" time="19.346" classname="com.qburst.samples.tests.SeleniumMasterSearch"/>
  <testcase name="loadGoogle" time="12.019" classname="com.qburst.samples.tests.SeleniumMasterSearch"/>
</testsuite> <!-- com.qburst.samples.tests.SeleniumMasterSearch -->
