<?xml version="1.0" encoding="UTF-8"?>
<!-- Generated by org.testng.reporters.JUnitReportReporter -->
<testsuite hostname="qbpc-638" name="com.qburst.samples.tests.Test05" tests="2" failures="0" timestamp="24 Apr 2014 09:28:45 GMT" time="14.948" errors="0">
  <testcase name="loadGoogle" time="7.645" classname="com.qburst.samples.tests.Test05"/>
  <testcase name="loadYahoo" time="7.303" classname="com.qburst.samples.tests.Test05"/>
</testsuite> <!-- com.qburst.samples.tests.Test05 -->
