<?xml version="1.0" encoding="UTF-8"?>
<!-- Generated by org.testng.reporters.JUnitReportReporter -->
<testsuite hostname="qbpc-638" name="com.qburst.samples.tests.TestGrouping" tests="1" failures="0" timestamp="9 May 2014 10:30:09 GMT" time="0.043" errors="0">
  <testcase name="testMethod3" time="0.043" classname="com.qburst.samples.tests.TestGrouping"/>
</testsuite> <!-- com.qburst.samples.tests.TestGrouping -->
