<?xml version="1.0" encoding="UTF-8"?>
<!-- Generated by org.testng.reporters.JUnitReportReporter -->
<testsuite hostname="qbpc-638" name="com.qburst.samples.tests.Test01" tests="2" failures="0" timestamp="23 Apr 2014 07:02:34 GMT" time="46.826" errors="0">
  <testcase name="loadYahoo" time="23.378" classname="com.qburst.samples.tests.Test01"/>
  <testcase name="loadGoogle" time="23.448" classname="com.qburst.samples.tests.Test01"/>
</testsuite> <!-- com.qburst.samples.tests.Test01 -->
