<?xml version="1.0" encoding="UTF-8"?>
<!-- Generated by org.testng.reporters.JUnitReportReporter -->
<testsuite hostname="qbpc-638" name="com.qburst.samples.tests.Test06" tests="2" failures="0" timestamp="2 May 2014 06:09:50 GMT" time="47.593" errors="0">
  <testcase name="loadYahoo" time="29.977" classname="com.qburst.samples.tests.Test06"/>
  <testcase name="loadGoogle" time="17.616" classname="com.qburst.samples.tests.Test06"/>
</testsuite> <!-- com.qburst.samples.tests.Test06 -->
