<?xml version="1.0" encoding="UTF-8"?>
<!-- Generated by org.testng.reporters.JUnitReportReporter -->
<testsuite hostname="qbpc-638" name="com.qburst.samples.tests.Test03" tests="2" failures="0" timestamp="9 May 2014 10:45:47 GMT" time="33.115" errors="0">
  <testcase name="loadGoogle" time="14.852" classname="com.qburst.samples.tests.Test03"/>
  <testcase name="loadGoogle" time="18.263" classname="com.qburst.samples.tests.Test03"/>
</testsuite> <!-- com.qburst.samples.tests.Test03 -->
