<?xml version="1.0" encoding="UTF-8"?>
<!-- Generated by org.testng.reporters.JUnitReportReporter -->
<testsuite hostname="qbpc-638" name="com.qburst.samples.tests.RunningSuites1" tests="1" failures="0" timestamp="2 May 2014 06:13:38 GMT" time="7.596" errors="0">
  <testcase name="loadGoogle" time="7.596" classname="com.qburst.samples.tests.RunningSuites1"/>
</testsuite> <!-- com.qburst.samples.tests.RunningSuites1 -->
