<?xml version="1.0" encoding="UTF-8"?>
<!-- Generated by org.testng.reporters.JUnitReportReporter -->
<testsuite hostname="qbpc-106" name="com.qburst.tests.TestNGSample" tests="1" failures="0" timestamp="9 Apr 2014 06:23:13 GMT" time="5.097" errors="0">
  <testcase name="loadUrl" time="5.097" classname="com.qburst.tests.TestNGSample"/>
</testsuite> <!-- com.qburst.tests.TestNGSample -->
