<?xml version="1.0" encoding="UTF-8"?>
<!-- Generated by org.testng.reporters.JUnitReportReporter -->
<testsuite hostname="qbpc-106" name="com.qburst.tests.NewTest" tests="1" failures="0" timestamp="8 Apr 2014 08:45:23 GMT" time="0.011" errors="0">
  <testcase name="f" time="0.011" classname="com.qburst.tests.NewTest"/>
</testsuite> <!-- com.qburst.tests.NewTest -->
